# 第5次作业
<font size="5">42233063-数据科学与大数据技术-韩璐帆</font> 


考虑关系模式`product(product_no, name, price)`，完成下面的题目：

## 题目一（4分）

> **一、在数据库中创建该关系，并自建上面关系的txt数据文件：**
##### 1. 创建关系
```sql
CREATE TABLE product (
  product_no VARCHAR(10) PRIMARY KEY,
  name VARCHAR(100),
  price NUMERIC(10, 2)
);
```
##### 2. 自建product关系的txt数据文件
```sql
1	Apple	3.50
2	Banana	1.20
3	Orange	2.00
```
> **二、使用`COPY`命令导入数据库（PostgreSQL）：**
```psql
university=# \copy product(product_no, name, price) FROM 'C:/Users/22968/Desktop/课程学业/数据库原理与应用/第五次作业/product.txt' WITH (FORMAT text, DELIMITER E'\t')
```
##### 检查：
```sql
SELECT * FROM product;
```

> **三、将该关系导出为任意文件（如SQL、Txt、CSV、JSON等）：**
```psql
university=# \copy product TO 'C:/Users/22968/Desktop/课程学业/数据库原理与应用/第五次作业/product_output.csv' WITH (FORMAT csv, HEADER)

university=# \copy product TO 'C:/Users/22968/Desktop/课程学业/数据库原理与应用/第五次作业/product_output.txt' WITH (FORMAT text, DELIMITER E'\t')

university-# \copy (SELECT json_agg(product) FROM product) TO 'C:/Users/22968/Desktop/课程学业/数据库原理与应用/第五次作业/product_output.json'
```


## 题目二（6分）

1. 添加一个新的商品，编号为`666`，名字为`cake`，价格不详。

```sql
INSERT INTO product
VALUES ('666' , 'cake')
```

2. 使用一条SQL语句同时添加3个商品，内容自拟。
```sql
INSERT INTO product(product_no, name, price)
VALUES
('111' , 'milk' , 5.50),
('222' , 'bread' , 6.50),
('333' , 'pancake' , 4.00);
```
3. 将商品价格统一打8折。
```sql
UPDATE product
SET price = price * 0.8;
```

4. 将价格大于100的商品上涨2%，其余上涨4%。
```sql
UPDATE product
SET price = CASE
    WHEN  price > 100 THEN price * 1.02
    ELSE  price * 1.04
    END;
```

5. 将名字包含`cake`的商品删除。
```sql
DELETE FROM product
WHERE name like '%cake%';
```

6. 将价格高于平均价格的商品删除。
```sql
DELETE FROM product
WHERE price > (SELECT AVG(price)
               FROM product);
```
## 题目三（5分）

### 针对PostgreSQL

使用参考下面的语句添加10万条商品，

```sql
-- PostgreSQL Only
INSERT INTO product (name, price)
SELECT
    'Product' || generate_series, -- 生成名称 Product1, Product2, ...
    ROUND((random() * 1000)::numeric, 2) -- 生成0到1000之间的随机价格，保留2位小数
FROM generate_series(1, 100000);
```

比较`DELETE`和`TRUNCATE`的性能差异。

### 结果：

###  `DELETE`
```sql
-- 更新限制
ALTER TABLE product
ALTER COLUMN product_no TYPE VARCHAR(50);

-- 插入测试数据
INSERT INTO product
SELECT 'Product' || generate_series, ROUND((random() * 1000)::numeric, 2)
FROM generate_series(1, 100000);

-- 用 EXPLAIN ANALYZE 测试 DELETE
EXPLAIN ANALYZE DELETE FROM product;

--或：开启计时
\timing
DELETE FROM product;
-- 关闭计时
\timing
```
```
Delete on product  (cost=0.00..663.32 rows=0 width=0) (actual time=39.413..39.414 rows=0 loops=1)
  ->  Seq Scan on product  (cost=0.00..663.32 rows=1932 width=6) (actual time=0.006..6.120 rows=100003 loops=1)
Planning Time: 0.068 ms
Execution Time: 39.439 ms
```

```
university.public> DELETE FROM product
[2025-04-17 23:05:16] 45 ms 中有 100,000 行受到影响
```
###  `TRUNCATE`
```sql
- 再插入测试条数据
INSERT INTO product
SELECT 'Product' || generate_series, ROUND((random() * 1000)::numeric, 2)
FROM generate_series(1, 100000);

-- 测试 TRUNCATE
-- 开启计时
\timing
TRUNCATE TABLE product;
-- 关闭计时
\timing
```
```
university.public> TRUNCATE TABLE product
[2025-04-17 23:04:09] 在 6 ms 内完成
```




✅ 
```sql
DELETE FROM product;
```
逐行删除，非常耗时，尤其在数据量大时，删除记录后空间不会立即释放
✅ 
```sql
TRUNCATE TABLE product;
```
直接删除整个表数据块，绕过逐行操作，速度极快




